________________________________________________________________________________________________________________________
  Version ID : HAWC2MB 12.5
  Log file output
                                                            Time : 15:19:02
                                                            Date : 13:11.2017
________________________________________________________________________________________________________________________
 Newmark commands read with succes
 Simulation commands read with succes
 *** WARNING *** No line termination in command line           38
 Reading data of main body : tower
 Succes opening ./data/dtu_10mw_rwt_tower_st.dat
 timoschenko input commands read with succes
 topologi_c2def_inputs read with succes
 Topologi main body tower commands read with succes
 Reading data of main body : towertop
 Succes opening ./data/dtu_10mw_rwt_towertop_st.dat
 timoschenko input commands read with succes
 topologi_c2def_inputs read with succes
 Topologi main body towertop commands read with succes
 Reading data of main body : shaft
 Succes opening ./data/dtu_10mw_rwt_shaft_st.dat
 timoschenko input commands read with succes
 topologi_c2def_inputs read with succes
 Topologi main body shaft commands read with succes
 Reading data of main body : hub1
 Succes opening ./data/dtu_10mw_rwt_hub_st.dat
 timoschenko input commands read with succes
 topologi_c2def_inputs read with succes
 Topologi main body hub1 commands read with succes
 Reading data of main body : hub2
 Topologi main body hub2 commands read with succes
 Reading data of main body : hub3
 Topologi main body hub3 commands read with succes
 Reading data of main body : blade1
 Succes opening ./data/dtu_10mw_rwt_blade_st.dat
 timoschenko input commands read with succes
 topologi_c2def_inputs read with succes
 Topologi main body blade1 commands read with succes
 Reading data of main body : blade2
 Topologi main body blade2 commands read with succes
 Reading data of main body : blade3
 Topologi main body blade3 commands read with succes
 Base orientation input commands read with succes
 relative orientation input commands read with succes
 relative orientation input commands read with succes
 relative orientation input commands read with succes
 relative orientation input commands read with succes
 relative orientation input commands read with succes
 relative orientation input commands read with succes
 relative orientation input commands read with succes
 relative orientation input commands read with succes
 Orientation input commands read with succes
 Fix0 constraint input commands read with succes
 Fix1 constraint input commands read with succes
 Bearing1 constraint input commands read with succes
 Fix1 constraint input commands read with succes
 Fix1 constraint input commands read with succes
 Fix1 constraint input commands read with succes
 bearing2 constraint input commands read with succes
 bearing2 constraint input commands read with succes
 bearing2 constraint input commands read with succes
 constraint input commands read with succes
 Topologi commands read with succes
 Tower shadow (potential2 flow) commands read with succes
 Wind commands read with succes
 aerodrag element commands read with succes
 aerodrag element commands read with succes
 Aerodrag commands read with succes
 Aerodynamic commands read with succes
 Main input file is continued in file :./htc/matctrl_type2acts.htc
 output commands read with succes
 Output commands read
 Actions commands read
 Dll input commands read with succes
 output commands read with succes
 Output commands read
 Actions commands read
 Dll type2 input commands read with succes
 output commands read with succes
 Output commands read
 Actions commands read
 Dll type2 input commands read with succes
 *** INFO *** End of file reached. Line number          85  Masterfile name: 
 ./htc/matctrl_type2acts.htc
 Main input file is returned to :./htc/main.htc
 DLL commands read with succes
 output commands read with succes
 Output commands read
 Initialization of structure
 Initializing of aero rotor...
 Initialization of rotor aerodynamics
 Succes opening ./data/dtu_10mw_rwt_ae.dat
 Succes opening ./data/dtu_10mw_rwt_pc.dat
 Initialization of rotor induction
 Initialization of wind
 Initialization of external DLLs
 External DLL ./tcpip/tcpserver.dll is attempted to open
 Succes opening external DLL ./tcpip/tcpserver.dll
 *** ERROR *** The DLL subroutine tcplink_dela_init
  could not be found - not used
 *** INFO *** The DLL subroutine tcplink_dela_message
  could not be loaded - bypassed!
 Initialization of external type2 DLL
 External DLL ./control/generator_servo.dll is attempted to open
 Succes opening external DLL ./control/generator_servo.dll
 DLL subroutine init init_generator_servo is called
 In initialization call of ./control/generator_servo.dll Output is 
  0.000000000000000E+000
 *** INFO *** The DLL subroutine message could not be loaded - bypassed!
 Initialization of external type2 DLL
 External DLL ./control/servo_with_limits.dll is attempted to open
 Succes opening external DLL ./control/servo_with_limits.dll
 DLL subroutine init init_servo_with_limits is called
 In initialization call of ./control/servo_with_limits.dll Output is 
  0.000000000000000E+000
 *** INFO *** The DLL subroutine message could not be loaded - bypassed!
 Creating link between structure and aerodynamics
 *** WARNING *** First node of body blade1_1 is not located in body origin.
 *** WARNING *** First node of body blade2_1 is not located in body origin.
 *** WARNING *** First node of body blade3_1 is not located in body origin.
 Creating link between structure and aerodrag
 Initialization of Aerodrag
 Starting simulation
Dynamic stall method:  2 used for entire rotor
 Global time =   2.500000000000000E-002 Iter =            3
 Global time =   5.000000000000000E-002 Iter =            3
 Global time =   7.500000000000001E-002 Iter =            3
 Global time =   0.100000000000000      Iter =            3
 Global time =   0.125000000000000      Iter =            3
 Global time =   0.150000000000000      Iter =            3
 Global time =   0.175000000000000      Iter =            3
 Global time =   0.200000000000000      Iter =            4
 Global time =   0.225000000000000      Iter =            4
 Global time =   0.250000000000000      Iter =            4
 Global time =   0.275000000000000      Iter =            4
 Global time =   0.300000000000000      Iter =            4
 Global time =   0.325000000000000      Iter =            4
 Global time =   0.350000000000000      Iter =            4
 Global time =   0.375000000000000      Iter =            4
 Global time =   0.400000000000000      Iter =            4
 Global time =   0.425000000000000      Iter =            4
 Global time =   0.450000000000000      Iter =            4
 Global time =   0.475000000000000      Iter =            4
 Global time =   0.500000000000000      Iter =            4
 Global time =   0.525000000000000      Iter =            4
 Global time =   0.550000000000000      Iter =            4
 Global time =   0.575000000000000      Iter =            4
 Global time =   0.600000000000000      Iter =            4
 Global time =   0.625000000000000      Iter =            4
 Global time =   0.650000000000000      Iter =            4
 Global time =   0.675000000000000      Iter =            4
 Global time =   0.700000000000000      Iter =            4
 Global time =   0.725000000000000      Iter =            4
 Global time =   0.750000000000000      Iter =            4
 Global time =   0.775000000000000      Iter =            3
 Global time =   0.800000000000000      Iter =            3
 Global time =   0.825000000000000      Iter =            3
 Global time =   0.850000000000000      Iter =            3
 Global time =   0.875000000000000      Iter =            3
 Global time =   0.900000000000000      Iter =            3
 Global time =   0.925000000000000      Iter =            3
 Global time =   0.950000000000000      Iter =            4
 Global time =   0.975000000000000      Iter =            4
 Global time =    1.00000000000000      Iter =            4
 Global time =    1.02500000000000      Iter =            3
 Global time =    1.05000000000000      Iter =            3
 Global time =    1.07500000000000      Iter =            3
 Global time =    1.10000000000000      Iter =            3
 Global time =    1.12500000000000      Iter =            3
 Global time =    1.15000000000000      Iter =            3
 Global time =    1.17500000000000      Iter =            3
 Global time =    1.20000000000000      Iter =            3
 Global time =    1.22500000000000      Iter =            4
 Global time =    1.25000000000000      Iter =            3
 Global time =    1.27500000000000      Iter =            4
 Global time =    1.30000000000000      Iter =            3
 Global time =    1.32500000000000      Iter =            3
 Global time =    1.35000000000000      Iter =            3
 Global time =    1.37500000000000      Iter =            3
 Global time =    1.40000000000000      Iter =            4
 Global time =    1.42500000000000      Iter =            3
 Global time =    1.45000000000000      Iter =            3
 Global time =    1.47500000000000      Iter =            3
 Global time =    1.50000000000000      Iter =            3
 Global time =    1.52500000000000      Iter =            3
 Global time =    1.55000000000000      Iter =            3
 Global time =    1.57500000000000      Iter =            3
 Global time =    1.60000000000000      Iter =            3
 Global time =    1.62500000000000      Iter =            3
 Global time =    1.65000000000000      Iter =            3
